{"total": {"lines":{"total":713,"covered":321,"skipped":0,"pct":45.02},"statements":{"total":731,"covered":331,"skipped":0,"pct":45.28},"functions":{"total":126,"covered":56,"skipped":0,"pct":44.44},"branches":{"total":370,"covered":128,"skipped":0,"pct":34.59},"branchesTrue":{"total":0,"covered":0,"skipped":0,"pct":100}}
,"/mnt/ext2/code/prompts/github/forks/vscode-ibmi-testing/api/types.ts": {"lines":{"total":7,"covered":7,"skipped":0,"pct":100},"functions":{"total":1,"covered":1,"skipped":0,"pct":100},"statements":{"total":7,"covered":7,"skipped":0,"pct":100},"branches":{"total":2,"covered":2,"skipped":0,"pct":100}}
,"/mnt/ext2/code/prompts/github/forks/vscode-ibmi-testing/src/configuration.ts": {"lines":{"total":35,"covered":35,"skipped":0,"pct":100},"functions":{"total":6,"covered":6,"skipped":0,"pct":100},"statements":{"total":35,"covered":35,"skipped":0,"pct":100},"branches":{"total":11,"covered":11,"skipped":0,"pct":100}}
,"/mnt/ext2/code/prompts/github/forks/vscode-ibmi-testing/src/github.ts": {"lines":{"total":30,"covered":30,"skipped":0,"pct":100},"functions":{"total":3,"covered":3,"skipped":0,"pct":100},"statements":{"total":30,"covered":30,"skipped":0,"pct":100},"branches":{"total":10,"covered":10,"skipped":0,"pct":100}}
,"/mnt/ext2/code/prompts/github/forks/vscode-ibmi-testing/src/manager.ts": {"lines":{"total":233,"covered":71,"skipped":0,"pct":30.47},"functions":{"total":36,"covered":13,"skipped":0,"pct":36.11},"statements":{"total":240,"covered":73,"skipped":0,"pct":30.41},"branches":{"total":88,"covered":19,"skipped":0,"pct":21.59}}
,"/mnt/ext2/code/prompts/github/forks/vscode-ibmi-testing/src/runner.ts": {"lines":{"total":245,"covered":20,"skipped":0,"pct":8.16},"functions":{"total":46,"covered":1,"skipped":0,"pct":2.17},"statements":{"total":248,"covered":20,"skipped":0,"pct":8.06},"branches":{"total":164,"covered":0,"skipped":0,"pct":0}}
,"/mnt/ext2/code/prompts/github/forks/vscode-ibmi-testing/src/testData.ts": {"lines":{"total":55,"covered":53,"skipped":0,"pct":96.36},"functions":{"total":5,"covered":5,"skipped":0,"pct":100},"statements":{"total":56,"covered":54,"skipped":0,"pct":96.42},"branches":{"total":18,"covered":14,"skipped":0,"pct":77.77}}
,"/mnt/ext2/code/prompts/github/forks/vscode-ibmi-testing/src/codeActions/lspUtils.ts": {"lines":{"total":34,"covered":34,"skipped":0,"pct":100},"functions":{"total":11,"covered":11,"skipped":0,"pct":100},"statements":{"total":39,"covered":39,"skipped":0,"pct":100},"branches":{"total":22,"covered":21,"skipped":0,"pct":95.45}}
,"/mnt/ext2/code/prompts/github/forks/vscode-ibmi-testing/src/components/codeCov.ts": {"lines":{"total":18,"covered":18,"skipped":0,"pct":100},"functions":{"total":3,"covered":3,"skipped":0,"pct":100},"statements":{"total":18,"covered":18,"skipped":0,"pct":100},"branches":{"total":2,"covered":2,"skipped":0,"pct":100}}
,"/mnt/ext2/code/prompts/github/forks/vscode-ibmi-testing/src/extensions/ibmi.ts": {"lines":{"total":13,"covered":13,"skipped":0,"pct":100},"functions":{"total":5,"covered":5,"skipped":0,"pct":100},"statements":{"total":13,"covered":13,"skipped":0,"pct":100},"branches":{"total":29,"covered":28,"skipped":0,"pct":96.55}}
,"/mnt/ext2/code/prompts/github/forks/vscode-ibmi-testing/src/loggers/testOutputLogger.ts": {"lines":{"total":43,"covered":40,"skipped":0,"pct":93.02},"functions":{"total":10,"covered":8,"skipped":0,"pct":80},"statements":{"total":45,"covered":42,"skipped":0,"pct":93.33},"branches":{"total":24,"covered":21,"skipped":0,"pct":87.5}}
}
